==8363== Memcheck, a memory error detector
==8363== Copyright (C) 2002-2017, and GNU GPL'd, by Julian Seward et al.
==8363== Using Valgrind-3.15.0-608cb11914-20190413 and LibVEX; rerun with -h for copyright info
==8363== Command: ./videoGame ships_1.txt
==8363== Parent PID: 2666
==8363== 
--8363-- 
--8363-- Valgrind options:
--8363--    --leak-check=full
--8363--    --log-file=logfile.out
--8363--    -v
--8363-- Contents of /proc/version:
--8363--   Linux version 5.4.0-125-generic (buildd@lcy02-amd64-083) (gcc version 9.4.0 (Ubuntu 9.4.0-1ubuntu1~20.04.1)) #141-Ubuntu SMP Wed Aug 10 13:42:03 UTC 2022
--8363-- 
--8363-- Arch and hwcaps: AMD64, LittleEndian, amd64-cx16-lzcnt-rdtscp-sse3-ssse3-avx-avx2-bmi-f16c-rdrand
--8363-- Page sizes: currently 4096, max supported 4096
--8363-- Valgrind library directory: /usr/lib/x86_64-linux-gnu/valgrind
--8363-- Reading syms from /home/ccadmin/UCP1000/Assignment2/videoGame
--8363-- Reading syms from /usr/lib/x86_64-linux-gnu/ld-2.31.so
--8363--   Considering /usr/lib/x86_64-linux-gnu/ld-2.31.so ..
--8363--   .. CRC mismatch (computed 0306b78c wanted 8d362b37)
--8363--   Considering /lib/x86_64-linux-gnu/ld-2.31.so ..
--8363--   .. CRC mismatch (computed 0306b78c wanted 8d362b37)
--8363--   Considering /usr/lib/debug/lib/x86_64-linux-gnu/ld-2.31.so ..
--8363--   .. CRC is valid
--8363-- Reading syms from /usr/lib/x86_64-linux-gnu/valgrind/memcheck-amd64-linux
--8363--    object doesn't have a symbol table
--8363--    object doesn't have a dynamic symbol table
--8363-- Scheduler: using generic scheduler lock implementation.
--8363-- Reading suppressions file: /usr/lib/x86_64-linux-gnu/valgrind/default.supp
==8363== embedded gdbserver: reading from /tmp/vgdb-pipe-from-vgdb-to-8363-by-ccadmin-on-???
==8363== embedded gdbserver: writing to   /tmp/vgdb-pipe-to-vgdb-from-8363-by-ccadmin-on-???
==8363== embedded gdbserver: shared mem   /tmp/vgdb-pipe-shared-mem-vgdb-8363-by-ccadmin-on-???
==8363== 
==8363== TO CONTROL THIS PROCESS USING vgdb (which you probably
==8363== don't want to do, unless you know exactly what you're doing,
==8363== or are doing some strange experiment):
==8363==   /usr/lib/x86_64-linux-gnu/valgrind/../../bin/vgdb --pid=8363 ...command...
==8363== 
==8363== TO DEBUG THIS PROCESS USING GDB: start GDB like this
==8363==   /path/to/gdb ./videoGame
==8363== and then give GDB the following command
==8363==   target remote | /usr/lib/x86_64-linux-gnu/valgrind/../../bin/vgdb --pid=8363
==8363== --pid is optional if only one valgrind process is running
==8363== 
--8363-- REDIR: 0x4022e10 (ld-linux-x86-64.so.2:strlen) redirected to 0x580c9ce2 (???)
--8363-- REDIR: 0x4022be0 (ld-linux-x86-64.so.2:index) redirected to 0x580c9cfc (???)
--8363-- Reading syms from /usr/lib/x86_64-linux-gnu/valgrind/vgpreload_core-amd64-linux.so
--8363--    object doesn't have a symbol table
--8363-- Reading syms from /usr/lib/x86_64-linux-gnu/valgrind/vgpreload_memcheck-amd64-linux.so
--8363--    object doesn't have a symbol table
==8363== WARNING: new redirection conflicts with existing -- ignoring it
--8363--     old: 0x04022e10 (strlen              ) R-> (0000.0) 0x580c9ce2 ???
--8363--     new: 0x04022e10 (strlen              ) R-> (2007.0) 0x0483f060 strlen
--8363-- REDIR: 0x401f5f0 (ld-linux-x86-64.so.2:strcmp) redirected to 0x483ffd0 (strcmp)
--8363-- REDIR: 0x4023370 (ld-linux-x86-64.so.2:mempcpy) redirected to 0x4843a20 (mempcpy)
--8363-- Reading syms from /usr/lib/x86_64-linux-gnu/libc-2.31.so
--8363--   Considering /usr/lib/x86_64-linux-gnu/libc-2.31.so ..
--8363--   .. CRC mismatch (computed ef41b1a0 wanted f854b801)
--8363--   Considering /lib/x86_64-linux-gnu/libc-2.31.so ..
--8363--   .. CRC mismatch (computed ef41b1a0 wanted f854b801)
--8363--   Considering /usr/lib/debug/lib/x86_64-linux-gnu/libc-2.31.so ..
--8363--   .. CRC is valid
--8363-- REDIR: 0x49074b0 (libc.so.6:memmove) redirected to 0x48311d0 (_vgnU_ifunc_wrapper)
--8363-- REDIR: 0x49067b0 (libc.so.6:strncpy) redirected to 0x48311d0 (_vgnU_ifunc_wrapper)
--8363-- REDIR: 0x49077e0 (libc.so.6:strcasecmp) redirected to 0x48311d0 (_vgnU_ifunc_wrapper)
--8363-- REDIR: 0x49060d0 (libc.so.6:strcat) redirected to 0x48311d0 (_vgnU_ifunc_wrapper)
--8363-- REDIR: 0x4906810 (libc.so.6:rindex) redirected to 0x48311d0 (_vgnU_ifunc_wrapper)
--8363-- REDIR: 0x4908c80 (libc.so.6:rawmemchr) redirected to 0x48311d0 (_vgnU_ifunc_wrapper)
--8363-- REDIR: 0x4923d10 (libc.so.6:wmemchr) redirected to 0x48311d0 (_vgnU_ifunc_wrapper)
--8363-- REDIR: 0x4923850 (libc.so.6:wcscmp) redirected to 0x48311d0 (_vgnU_ifunc_wrapper)
--8363-- REDIR: 0x4907610 (libc.so.6:mempcpy) redirected to 0x48311d0 (_vgnU_ifunc_wrapper)
--8363-- REDIR: 0x4907440 (libc.so.6:bcmp) redirected to 0x48311d0 (_vgnU_ifunc_wrapper)
--8363-- REDIR: 0x4906740 (libc.so.6:strncmp) redirected to 0x48311d0 (_vgnU_ifunc_wrapper)
--8363-- REDIR: 0x4906180 (libc.so.6:strcmp) redirected to 0x48311d0 (_vgnU_ifunc_wrapper)
--8363-- REDIR: 0x4907570 (libc.so.6:memset) redirected to 0x48311d0 (_vgnU_ifunc_wrapper)
--8363-- REDIR: 0x4923810 (libc.so.6:wcschr) redirected to 0x48311d0 (_vgnU_ifunc_wrapper)
--8363-- REDIR: 0x49066a0 (libc.so.6:strnlen) redirected to 0x48311d0 (_vgnU_ifunc_wrapper)
--8363-- REDIR: 0x4906260 (libc.so.6:strcspn) redirected to 0x48311d0 (_vgnU_ifunc_wrapper)
--8363-- REDIR: 0x4907830 (libc.so.6:strncasecmp) redirected to 0x48311d0 (_vgnU_ifunc_wrapper)
--8363-- REDIR: 0x4906200 (libc.so.6:strcpy) redirected to 0x48311d0 (_vgnU_ifunc_wrapper)
--8363-- REDIR: 0x4907980 (libc.so.6:memcpy@@GLIBC_2.14) redirected to 0x48311d0 (_vgnU_ifunc_wrapper)
--8363-- REDIR: 0x4924f80 (libc.so.6:wcsnlen) redirected to 0x48311d0 (_vgnU_ifunc_wrapper)
--8363-- REDIR: 0x4923890 (libc.so.6:wcscpy) redirected to 0x48311d0 (_vgnU_ifunc_wrapper)
--8363-- REDIR: 0x4906850 (libc.so.6:strpbrk) redirected to 0x48311d0 (_vgnU_ifunc_wrapper)
--8363-- REDIR: 0x4906130 (libc.so.6:index) redirected to 0x48311d0 (_vgnU_ifunc_wrapper)
--8363-- REDIR: 0x4906660 (libc.so.6:strlen) redirected to 0x48311d0 (_vgnU_ifunc_wrapper)
--8363-- REDIR: 0x490fbd0 (libc.so.6:memrchr) redirected to 0x48311d0 (_vgnU_ifunc_wrapper)
--8363-- REDIR: 0x4907880 (libc.so.6:strcasecmp_l) redirected to 0x48311d0 (_vgnU_ifunc_wrapper)
--8363-- REDIR: 0x4907400 (libc.so.6:memchr) redirected to 0x48311d0 (_vgnU_ifunc_wrapper)
--8363-- REDIR: 0x4923960 (libc.so.6:wcslen) redirected to 0x48311d0 (_vgnU_ifunc_wrapper)
--8363-- REDIR: 0x4906b10 (libc.so.6:strspn) redirected to 0x48311d0 (_vgnU_ifunc_wrapper)
--8363-- REDIR: 0x4907780 (libc.so.6:stpncpy) redirected to 0x48311d0 (_vgnU_ifunc_wrapper)
--8363-- REDIR: 0x4907720 (libc.so.6:stpcpy) redirected to 0x48311d0 (_vgnU_ifunc_wrapper)
--8363-- REDIR: 0x4908cc0 (libc.so.6:strchrnul) redirected to 0x48311d0 (_vgnU_ifunc_wrapper)
--8363-- REDIR: 0x49078d0 (libc.so.6:strncasecmp_l) redirected to 0x48311d0 (_vgnU_ifunc_wrapper)
--8363-- REDIR: 0x49ef410 (libc.so.6:__strrchr_avx2) redirected to 0x483ea10 (rindex)
--8363-- REDIR: 0x4901110 (libc.so.6:malloc) redirected to 0x483b780 (malloc)
--8363-- REDIR: 0x49ef220 (libc.so.6:__strchrnul_avx2) redirected to 0x4843540 (strchrnul)
--8363-- REDIR: 0x49f25d0 (libc.so.6:__mempcpy_avx_unaligned_erms) redirected to 0x4843660 (mempcpy)
--8363-- REDIR: 0x49ef5e0 (libc.so.6:__strlen_avx2) redirected to 0x483ef40 (strlen)
--8363-- REDIR: 0x4906fd0 (libc.so.6:__GI_strstr) redirected to 0x4843ca0 (__strstr_sse2)
--8363-- REDIR: 0x49eb440 (libc.so.6:__memchr_avx2) redirected to 0x4840050 (memchr)
--8363-- REDIR: 0x49f25f0 (libc.so.6:__memcpy_avx_unaligned_erms) redirected to 0x48429f0 (memmove)
--8363-- REDIR: 0x49f0b20 (libc.so.6:__strcpy_avx2) redirected to 0x483f090 (strcpy)
--8363-- REDIR: 0x4901700 (libc.so.6:free) redirected to 0x483c9d0 (free)
==8363== Invalid free() / delete / delete[] / realloc()
==8363==    at 0x483CA3F: free (in /usr/lib/x86_64-linux-gnu/valgrind/vgpreload_memcheck-amd64-linux.so)
==8363==    by 0x10991E: main (main.c:228)
==8363==  Address 0x1ffeffff00 is on thread 1's stack
==8363==  in frame #1, created by main (main.c:10)
==8363== 
==8363== 
==8363== HEAP SUMMARY:
==8363==     in use at exit: 472 bytes in 1 blocks
==8363==   total heap usage: 17 allocs, 17 frees, 7,924 bytes allocated
==8363== 
==8363== Searching for pointers to 1 not-freed blocks
==8363== Checked 69,816 bytes
==8363== 
==8363== LEAK SUMMARY:
==8363==    definitely lost: 0 bytes in 0 blocks
==8363==    indirectly lost: 0 bytes in 0 blocks
==8363==      possibly lost: 0 bytes in 0 blocks
==8363==    still reachable: 472 bytes in 1 blocks
==8363==         suppressed: 0 bytes in 0 blocks
==8363== Reachable blocks (those to which a pointer was found) are not shown.
==8363== To see them, rerun with: --leak-check=full --show-leak-kinds=all
==8363== 
==8363== ERROR SUMMARY: 1 errors from 1 contexts (suppressed: 0 from 0)
==8363== 
==8363== 1 errors in context 1 of 1:
==8363== Invalid free() / delete / delete[] / realloc()
==8363==    at 0x483CA3F: free (in /usr/lib/x86_64-linux-gnu/valgrind/vgpreload_memcheck-amd64-linux.so)
==8363==    by 0x10991E: main (main.c:228)
==8363==  Address 0x1ffeffff00 is on thread 1's stack
==8363==  in frame #1, created by main (main.c:10)
==8363== 
==8363== ERROR SUMMARY: 1 errors from 1 contexts (suppressed: 0 from 0)
